<?xml version="1.0" encoding="UTF-8"?>
<!-- Generated by org.testng.reporters.JUnitReportReporter -->
<testsuite hostname="AnKusH" name="testCases.TC_01_Login" tests="1" failures="0" timestamp="2 Jul 2020 13:20:03 GMT" time="18.949" errors="0">
  <testcase name="login" time="18.949" classname="testCases.TC_01_Login"/>
</testsuite> <!-- testCases.TC_01_Login -->
